Using pre-set license
Built from '2020.2/staging' branch; Version is '2020.2.6f1 (8a2143876886) revision 9052483'; Using compiler version '192528614'; Build Type 'Release'
OS: 'Windows 10 Enterprise LTSC 2019; OS build 17763.1879; Version 1809; 64bit' Language: 'fr' Physical Memory: 8065 MB
BatchMode: 1, IsHumanControllingUs: 0, StartBugReporterOnCrash: 0, Is64bit: 1, IsPro: 0

 COMMAND LINE ARGUMENTS:
C:\Program Files\Unity\Hub\Editor\2020.2.6f1\Editor\Unity.exe
-adb2
-batchMode
-noUpm
-name
AssetImportWorker0
-projectPath
C:/Users/Mano/unityproject/Deepsky/2Dplatform
-logFile
Logs/AssetImportWorker0.log
-srvPort
55691
Successfully changed project path to: C:/Users/Mano/unityproject/Deepsky/2Dplatform
C:/Users/Mano/unityproject/Deepsky/2Dplatform
Using Asset Import Pipeline V2.
Refreshing native plugins compatible for Editor in 66.57 ms, found 1 plugins.
Preloading 0 native plugins for Editor in 0.00 ms.
Initialize engine version: 2020.2.6f1 (8a2143876886)
[Subsystems] Discovering subsystems at path C:/Program Files/Unity/Hub/Editor/2020.2.6f1/Editor/Data/Resources/UnitySubsystems
[Subsystems] Discovering subsystems at path C:/Users/Mano/unityproject/Deepsky/2Dplatform/Assets
GfxDevice: creating device client; threaded=0
Direct3D:
    Version:  Direct3D 11.0 [level 11.0]
    Renderer: NVIDIA GeForce GTX 950M (ID=0x139a)
    Vendor:   
    VRAM:     2007 MB
    Driver:   27.21.14.6192
Initialize mono
Mono path[0] = 'C:/Program Files/Unity/Hub/Editor/2020.2.6f1/Editor/Data/Managed'
Mono path[1] = 'C:/Program Files/Unity/Hub/Editor/2020.2.6f1/Editor/Data/MonoBleedingEdge/lib/mono/unityjit'
Mono config path = 'C:/Program Files/Unity/Hub/Editor/2020.2.6f1/Editor/Data/MonoBleedingEdge/etc'
Using monoOptions --debugger-agent=transport=dt_socket,embedding=1,server=y,suspend=n,address=127.0.0.1:56796
Begin MonoManager ReloadAssembly
Registering precompiled unity dll's ...
Register platform support module: C:/Program Files/Unity/Hub/Editor/2020.2.6f1/Editor/Data/PlaybackEngines/WindowsStandaloneSupport/UnityEditor.WindowsStandalone.Extensions.dll
Registered in 0.001967 seconds.
Native extension for WindowsStandalone target not found
Refreshing native plugins compatible for Editor in 69.57 ms, found 1 plugins.
Preloading 0 native plugins for Editor in 0.00 ms.
Invoked RoslynAnalysisRunner static constructor.
RoslynAnalysisRunner will not be running.
RoslynAnalysisRunner has terminated.
Mono: successfully reloaded assembly
- Completed reload, in  1.898 seconds
Platform modules already initialized, skipping
Registering precompiled user dll's ...
Registered in 0.001097 seconds.
Begin MonoManager ReloadAssembly
Native extension for WindowsStandalone target not found
Refreshing native plugins compatible for Editor in 67.45 ms, found 1 plugins.
Preloading 0 native plugins for Editor in 0.00 ms.
Invoked RoslynAnalysisRunner static constructor.
RoslynAnalysisRunner will not be running.
RoslynAnalysisRunner has terminated.
Mono: successfully reloaded assembly
- Completed reload, in  1.575 seconds
Platform modules already initialized, skipping
========================================================================
Worker process is ready to serve import requests
Launched and connected shader compiler UnityShaderCompiler.exe after 0.07 seconds
Refreshing native plugins compatible for Editor in 0.79 ms, found 1 plugins.
Preloading 0 native plugins for Editor in 0.00 ms.
Unloading 1782 Unused Serialized files (Serialized files now loaded: 0)
System memory in use before: 91.4 MB.
System memory in use after: 91.1 MB.

Unloading 18 unused Assets to reduce memory usage. Loaded Objects now: 2233.
Total: 4.233100 ms (FindLiveObjects: 0.318800 ms CreateObjectMapping: 0.146000 ms MarkObjects: 2.842500 ms  DeleteObjects: 0.923300 ms)

========================================================================
Received Import Request.
  path: Assets/Standard Assets/Effects/Projectors/Prefabs/BlobLightProjector.prefab
  artifactKey: Guid(21543d2b66928224f8a9536ff3811682) Importer(815301076,1909f56bfc062723c751e8b465ee728b)
Start importing Assets/Standard Assets/Effects/Projectors/Prefabs/BlobLightProjector.prefab using Guid(21543d2b66928224f8a9536ff3811682) Importer(815301076,1909f56bfc062723c751e8b465ee728b)  -> (artifact id: 'f2a12fbdea01f96db2cd6e87006f721e') in 0.077163 seconds
  Import took 0.083620 seconds .

========================================================================
Received Import Request.
  Time since last request: 0.000889 seconds.
  path: Assets/Standard Assets/Prototyping/Prefabs/FloorPrototype64x01x64.prefab
  artifactKey: Guid(3681543e5b0f59742b73073cb379cdc6) Importer(815301076,1909f56bfc062723c751e8b465ee728b)
Start importing Assets/Standard Assets/Prototyping/Prefabs/FloorPrototype64x01x64.prefab using Guid(3681543e5b0f59742b73073cb379cdc6) Importer(815301076,1909f56bfc062723c751e8b465ee728b)  -> (artifact id: '727d603a58919f685d604bbdb4ee3972') in 0.111812 seconds
  Import took 0.116251 seconds .

========================================================================
Received Import Request.
  Time since last request: 0.000347 seconds.
  path: Assets/Standard Assets/Effects/Projectors/Prefabs/BlobShadowProjector.prefab
  artifactKey: Guid(28a5e79925e3ce04a82856c16a572cbe) Importer(815301076,1909f56bfc062723c751e8b465ee728b)
Start importing Assets/Standard Assets/Effects/Projectors/Prefabs/BlobShadowProjector.prefab using Guid(28a5e79925e3ce04a82856c16a572cbe) Importer(815301076,1909f56bfc062723c751e8b465ee728b)  -> (artifact id: '40fb65863bbad290c2d737cf77c3302f') in 0.004062 seconds
  Import took 0.010060 seconds .

========================================================================
Received Import Request.
  Time since last request: 0.000476 seconds.
  path: Assets/Standard Assets/Utility/Prefabs/FramerateCounter.prefab
  artifactKey: Guid(81154777d5417884981849c5243f6c01) Importer(815301076,1909f56bfc062723c751e8b465ee728b)
Start importing Assets/Standard Assets/Utility/Prefabs/FramerateCounter.prefab using Guid(81154777d5417884981849c5243f6c01) Importer(815301076,1909f56bfc062723c751e8b465ee728b)  -> (artifact id: 'b15b23fc72d6f4c14550e3d696c817fc') in 0.025056 seconds
  Import took 0.031266 seconds .

========================================================================
Received Import Request.
  Time since last request: 0.000811 seconds.
  path: Assets/Standard Assets/CrossPlatformInput/Prefabs/MobileTiltControlRig.prefab
  artifactKey: Guid(999388b68bb99b44099461bfbed94358) Importer(815301076,1909f56bfc062723c751e8b465ee728b)
Start importing Assets/Standard Assets/CrossPlatformInput/Prefabs/MobileTiltControlRig.prefab using Guid(999388b68bb99b44099461bfbed94358) Importer(815301076,1909f56bfc062723c751e8b465ee728b)  -> (artifact id: 'e5ef8520fc5b459764363c54514814d1') in 0.004824 seconds
  Import took 0.011623 seconds .

========================================================================
Received Import Request.
  Time since last request: 0.000398 seconds.
  path: Assets/Standard Assets/Cameras/Prefabs/FreeLookCameraRig.prefab
  artifactKey: Guid(49a0e923d39ec3c4c8bb97699e2f2903) Importer(815301076,1909f56bfc062723c751e8b465ee728b)
Start importing Assets/Standard Assets/Cameras/Prefabs/FreeLookCameraRig.prefab using Guid(49a0e923d39ec3c4c8bb97699e2f2903) Importer(815301076,1909f56bfc062723c751e8b465ee728b)  -> (artifact id: '9215a5ae6468cb22b5ff1fd7018e319a') in 0.010132 seconds
  Import took 0.015433 seconds .

========================================================================
Received Import Request.
  Time since last request: 0.000933 seconds.
  path: Assets/Standard Assets/Cameras/Prefabs/HandheldCamera.prefab
  artifactKey: Guid(a5be31db3f71b0642af74fe491b4bc89) Importer(815301076,1909f56bfc062723c751e8b465ee728b)
Start importing Assets/Standard Assets/Cameras/Prefabs/HandheldCamera.prefab using Guid(a5be31db3f71b0642af74fe491b4bc89) Importer(815301076,1909f56bfc062723c751e8b465ee728b)  -> (artifact id: '98b8eda2a2fa7f4dc4cf2f4fba09f265') in 0.005124 seconds
  Import took 0.012593 seconds .

========================================================================
Received Import Request.
  Time since last request: 0.000618 seconds.
  path: Assets/Standard Assets/Cameras/Prefabs/MultipurposeCameraRig.prefab
  artifactKey: Guid(baec086904791744185aaa07a6cf55c2) Importer(815301076,1909f56bfc062723c751e8b465ee728b)
Start importing Assets/Standard Assets/Cameras/Prefabs/MultipurposeCameraRig.prefab using Guid(baec086904791744185aaa07a6cf55c2) Importer(815301076,1909f56bfc062723c751e8b465ee728b)  -> (artifact id: 'f751de792cf806070c2ef777d05fca03') in 0.007300 seconds
  Import took 0.012571 seconds .

========================================================================
Received Import Request.
  Time since last request: 0.000477 seconds.
  path: Assets/Standard Assets/Prototyping/Prefabs/CubePrototype02x02x02.prefab
  artifactKey: Guid(2b127815fd0f2074eae3a0c6a4786d0b) Importer(815301076,1909f56bfc062723c751e8b465ee728b)
Start importing Assets/Standard Assets/Prototyping/Prefabs/CubePrototype02x02x02.prefab using Guid(2b127815fd0f2074eae3a0c6a4786d0b) Importer(815301076,1909f56bfc062723c751e8b465ee728b)  -> (artifact id: 'df60e4653dd563881351e93e6f573427') in 0.013575 seconds
  Import took 0.018677 seconds .

========================================================================
Received Import Request.
  Time since last request: 0.000484 seconds.
  path: Assets/Standard Assets/Prototyping/Prefabs/PillarPrototype02x08x02.prefab
  artifactKey: Guid(44884af1ac1d64d42902da40268ba120) Importer(815301076,1909f56bfc062723c751e8b465ee728b)
Start importing Assets/Standard Assets/Prototyping/Prefabs/PillarPrototype02x08x02.prefab using Guid(44884af1ac1d64d42902da40268ba120) Importer(815301076,1909f56bfc062723c751e8b465ee728b)  -> (artifact id: '57e816c533617efa5f09b7fb688419a3') in 0.012066 seconds
  Import took 0.016098 seconds .

========================================================================
Received Import Request.
  Time since last request: 0.000456 seconds.
  path: Assets/Standard Assets/Characters/FirstPersonCharacter/Prefabs/FPSController.prefab
  artifactKey: Guid(5e9e851c0e142814dac026a256ba2ac0) Importer(815301076,1909f56bfc062723c751e8b465ee728b)
Start importing Assets/Standard Assets/Characters/FirstPersonCharacter/Prefabs/FPSController.prefab using Guid(5e9e851c0e142814dac026a256ba2ac0) Importer(815301076,1909f56bfc062723c751e8b465ee728b)  -> (artifact id: 'd89a9922318eb2ec04b6a2fe84a5e493') in 0.012013 seconds
  Import took 0.016096 seconds .

========================================================================
Received Import Request.
  Time since last request: 0.000537 seconds.
  path: Assets/Standard Assets/Vehicles/Car/Prefabs/Car.prefab
  artifactKey: Guid(0e7ee4df08df88c4880f43398f9ad2c2) Importer(815301076,1909f56bfc062723c751e8b465ee728b)
Start importing Assets/Standard Assets/Vehicles/Car/Prefabs/Car.prefab using Guid(0e7ee4df08df88c4880f43398f9ad2c2) Importer(815301076,1909f56bfc062723c751e8b465ee728b)  -> (artifact id: '7298faa5f20909d9ab9b2fe068d6d4c5') in 0.972862 seconds
  Import took 0.978320 seconds .

========================================================================
Received Import Request.
  Time since last request: 0.000487 seconds.
  path: Assets/Standard Assets/CrossPlatformInput/Prefabs/CarTiltControls.prefab
  artifactKey: Guid(174090ae7f9eff84abe76f0ff062efac) Importer(815301076,1909f56bfc062723c751e8b465ee728b)
Start importing Assets/Standard Assets/CrossPlatformInput/Prefabs/CarTiltControls.prefab using Guid(174090ae7f9eff84abe76f0ff062efac) Importer(815301076,1909f56bfc062723c751e8b465ee728b)  -> (artifact id: 'a1053de25038c4c0c7cacb35fcab6a75') in 0.023606 seconds
  Import took 0.027972 seconds .

========================================================================
Received Import Request.
  Time since last request: 0.000344 seconds.
  path: Assets/Standard Assets/Prototyping/Prefabs/PickupPrototype.prefab
  artifactKey: Guid(c02747e7134ef1948a039c94a8f33c5b) Importer(815301076,1909f56bfc062723c751e8b465ee728b)
Start importing Assets/Standard Assets/Prototyping/Prefabs/PickupPrototype.prefab using Guid(c02747e7134ef1948a039c94a8f33c5b) Importer(815301076,1909f56bfc062723c751e8b465ee728b)  -> (artifact id: 'ce1b754c809797a573b35b1ab7899af2') in 0.005314 seconds
  Import took 0.009663 seconds .

========================================================================
Received Import Request.
  Time since last request: 0.000447 seconds.
  path: Assets/Standard Assets/CrossPlatformInput/Prefabs/MobileAircraftControls.prefab
  artifactKey: Guid(3369231b1ed7ad34e84d9240a571db81) Importer(815301076,1909f56bfc062723c751e8b465ee728b)
Start importing Assets/Standard Assets/CrossPlatformInput/Prefabs/MobileAircraftControls.prefab using Guid(3369231b1ed7ad34e84d9240a571db81) Importer(815301076,1909f56bfc062723c751e8b465ee728b)  -> (artifact id: '7414c7c854f1cbc1944150df556a840a') in 0.028965 seconds
  Import took 0.034606 seconds .

========================================================================
Received Import Request.
  Time since last request: 0.000402 seconds.
  path: Assets/Standard Assets/Prototyping/Prefabs/JoinInnerPrototype01x06x01.prefab
  artifactKey: Guid(9ae7f9f9eacff4142b21eb85ae606fdc) Importer(815301076,1909f56bfc062723c751e8b465ee728b)
Start importing Assets/Standard Assets/Prototyping/Prefabs/JoinInnerPrototype01x06x01.prefab using Guid(9ae7f9f9eacff4142b21eb85ae606fdc) Importer(815301076,1909f56bfc062723c751e8b465ee728b)  -> (artifact id: 'a3474ffcfe577b8c32a05d8a05e8ff7e') in 0.012073 seconds
  Import took 0.017068 seconds .

========================================================================
Received Import Request.
  Time since last request: 0.000484 seconds.
  path: Assets/Standard Assets/Effects/Projectors/Prefabs/GridProjector.prefab
  artifactKey: Guid(46b12845355544642bf8f9d0cb373af7) Importer(815301076,1909f56bfc062723c751e8b465ee728b)
Start importing Assets/Standard Assets/Effects/Projectors/Prefabs/GridProjector.prefab using Guid(46b12845355544642bf8f9d0cb373af7) Importer(815301076,1909f56bfc062723c751e8b465ee728b)  -> (artifact id: '5fe86d750f99f6e9c7491250195f9bed') in 0.003760 seconds
  Import took 0.013608 seconds .

========================================================================
Received Import Request.
  Time since last request: 0.000447 seconds.
  path: Assets/Standard Assets/Vehicles/Aircraft/Prefabs/AircraftJetAI.prefab
  artifactKey: Guid(6f7604981ce4c064cbe5284c437c5699) Importer(815301076,1909f56bfc062723c751e8b465ee728b)
Start importing Assets/Standard Assets/Vehicles/Aircraft/Prefabs/AircraftJetAI.prefab using Guid(6f7604981ce4c064cbe5284c437c5699) Importer(815301076,1909f56bfc062723c751e8b465ee728b)  -> (artifact id: '3d926f21534e49f27bc6ca02183afc00') in 0.381106 seconds
  Import took 0.393866 seconds .

========================================================================
Received Import Request.
  Time since last request: 0.000296 seconds.
  path: Assets/Standard Assets/CrossPlatformInput/Prefabs/DualTouchControls.prefab
  artifactKey: Guid(2169821f0567671499a5c10104c69c24) Importer(815301076,1909f56bfc062723c751e8b465ee728b)
Start importing Assets/Standard Assets/CrossPlatformInput/Prefabs/DualTouchControls.prefab using Guid(2169821f0567671499a5c10104c69c24) Importer(815301076,1909f56bfc062723c751e8b465ee728b)  -> (artifact id: '6cdae43dcec913e97bc79407dedcf0d4') in 0.008502 seconds
  Import took 0.013973 seconds .

========================================================================
Received Import Request.
  Time since last request: 0.000346 seconds.
  path: Assets/Standard Assets/Prototyping/Prefabs/BlockPrototype04x04x04.prefab
  artifactKey: Guid(ab33e6080ae416b4d899f39fa8951b98) Importer(815301076,1909f56bfc062723c751e8b465ee728b)
Start importing Assets/Standard Assets/Prototyping/Prefabs/BlockPrototype04x04x04.prefab using Guid(ab33e6080ae416b4d899f39fa8951b98) Importer(815301076,1909f56bfc062723c751e8b465ee728b)  -> (artifact id: '73735bdaef3767d80083e8ed91bbeb6e') in 0.016313 seconds
  Import took 0.021637 seconds .

========================================================================
Received Import Request.
  Time since last request: 0.000468 seconds.
  path: Assets/Standard Assets/Vehicles/Aircraft/Prefabs/AircraftPropellerAi.prefab
  artifactKey: Guid(cd707c1f484f43249bab272ac76a0174) Importer(815301076,1909f56bfc062723c751e8b465ee728b)
Start importing Assets/Standard Assets/Vehicles/Aircraft/Prefabs/AircraftPropellerAi.prefab using Guid(cd707c1f484f43249bab272ac76a0174) Importer(815301076,1909f56bfc062723c751e8b465ee728b)  -> (artifact id: '2d13aa67937c1e68196245415a827cfa') in 0.318864 seconds
  Import took 0.329740 seconds .

========================================================================
Received Import Request.
  Time since last request: 0.000291 seconds.
  path: Assets/Standard Assets/Vehicles/Car/Prefabs/CarWaypointBased.prefab
  artifactKey: Guid(0fb4610dba67fc24cb2a6674fb155fc1) Importer(815301076,1909f56bfc062723c751e8b465ee728b)
Start importing Assets/Standard Assets/Vehicles/Car/Prefabs/CarWaypointBased.prefab using Guid(0fb4610dba67fc24cb2a6674fb155fc1) Importer(815301076,1909f56bfc062723c751e8b465ee728b)  -> (artifact id: 'd6986993f9cb62c15498a8857b8c3622') in 0.037121 seconds
  Import took 0.042861 seconds .

========================================================================
Received Import Request.
  Time since last request: 0.000358 seconds.
  path: Assets/Standard Assets/Prototyping/Prefabs/CubePrototype08x08x08.prefab
  artifactKey: Guid(90d8e09703679534295bd2cacb73d6de) Importer(815301076,1909f56bfc062723c751e8b465ee728b)
Start importing Assets/Standard Assets/Prototyping/Prefabs/CubePrototype08x08x08.prefab using Guid(90d8e09703679534295bd2cacb73d6de) Importer(815301076,1909f56bfc062723c751e8b465ee728b)  -> (artifact id: '332b9ce4861536f5bf557f873c151590') in 0.013182 seconds
  Import took 0.018736 seconds .

========================================================================
Received Import Request.
  Time since last request: 0.000454 seconds.
  path: Assets/Standard Assets/Prototyping/Prefabs/FloorPrototype08x01x08.prefab
  artifactKey: Guid(584a8ef4749c89745b7ae07f3ba7617f) Importer(815301076,1909f56bfc062723c751e8b465ee728b)
Start importing Assets/Standard Assets/Prototyping/Prefabs/FloorPrototype08x01x08.prefab using Guid(584a8ef4749c89745b7ae07f3ba7617f) Importer(815301076,1909f56bfc062723c751e8b465ee728b)  -> (artifact id: '5a08ea99dc7f93ea8be3b7c5fd1d4884') in 0.012126 seconds
  Import took 0.017210 seconds .

========================================================================
Received Import Request.
  Time since last request: 0.000377 seconds.
  path: Assets/Standard Assets/Prototyping/Prefabs/CubePrototype04x04x04.prefab
  artifactKey: Guid(5d2e4237b4429b34fae4c9eb3cd9efd5) Importer(815301076,1909f56bfc062723c751e8b465ee728b)
Start importing Assets/Standard Assets/Prototyping/Prefabs/CubePrototype04x04x04.prefab using Guid(5d2e4237b4429b34fae4c9eb3cd9efd5) Importer(815301076,1909f56bfc062723c751e8b465ee728b)  -> (artifact id: '2414035d30eb2807e3afa6ef01768ba4') in 0.012827 seconds
  Import took 0.017981 seconds .

========================================================================
Received Import Request.
  Time since last request: 0.000409 seconds.
  path: Assets/Standard Assets/Vehicles/Aircraft/Prefabs/AircraftJet.prefab
  artifactKey: Guid(147d826ca4c5a834a9dfe5db390c47f4) Importer(815301076,1909f56bfc062723c751e8b465ee728b)
Start importing Assets/Standard Assets/Vehicles/Aircraft/Prefabs/AircraftJet.prefab using Guid(147d826ca4c5a834a9dfe5db390c47f4) Importer(815301076,1909f56bfc062723c751e8b465ee728b)  -> (artifact id: '34ac4520eba4321df8ea0edb61de47a7') in 0.183940 seconds
  Import took 0.194633 seconds .

========================================================================
Received Import Request.
  Time since last request: 0.000338 seconds.
  path: Assets/Standard Assets/Prototyping/Prefabs/FloorPrototype04x01x04.prefab
  artifactKey: Guid(4620f3c93dca8c94c9124d8ba443f43e) Importer(815301076,1909f56bfc062723c751e8b465ee728b)
Start importing Assets/Standard Assets/Prototyping/Prefabs/FloorPrototype04x01x04.prefab using Guid(4620f3c93dca8c94c9124d8ba443f43e) Importer(815301076,1909f56bfc062723c751e8b465ee728b)  -> (artifact id: '4d1f93aee8b5868461473505bba179c3') in 0.012436 seconds
  Import took 0.017566 seconds .

========================================================================
Received Import Request.
  Time since last request: 0.000405 seconds.
  path: Assets/Standard Assets/Prototyping/Prefabs/HousePrototype16x16x24.prefab
  artifactKey: Guid(5862bbfe91a75054ca72c13b555b6ac5) Importer(815301076,1909f56bfc062723c751e8b465ee728b)
Start importing Assets/Standard Assets/Prototyping/Prefabs/HousePrototype16x16x24.prefab using Guid(5862bbfe91a75054ca72c13b555b6ac5) Importer(815301076,1909f56bfc062723c751e8b465ee728b)  -> (artifact id: 'ec0ba798a3446fcf2402e6e1bc8f5fe9') in 0.010923 seconds
  Import took 0.016553 seconds .

========================================================================
Received Import Request.
  Time since last request: 0.000429 seconds.
  path: Assets/Standard Assets/Cameras/Prefabs/CctvCamera.prefab
  artifactKey: Guid(851d11542d51c464e89acf6875599172) Importer(815301076,1909f56bfc062723c751e8b465ee728b)
Start importing Assets/Standard Assets/Cameras/Prefabs/CctvCamera.prefab using Guid(851d11542d51c464e89acf6875599172) Importer(815301076,1909f56bfc062723c751e8b465ee728b)  -> (artifact id: '91e7bec716b3a1d0555a711e25ed88b6') in 0.004319 seconds
  Import took 0.008573 seconds .

========================================================================
Received Import Request.
  Time since last request: 0.000526 seconds.
  path: Assets/Standard Assets/Vehicles/Aircraft/Prefabs/AircraftPropeller.prefab
  artifactKey: Guid(7e1741de780e13f42a448fdb5b60c1e1) Importer(815301076,1909f56bfc062723c751e8b465ee728b)
Start importing Assets/Standard Assets/Vehicles/Aircraft/Prefabs/AircraftPropeller.prefab using Guid(7e1741de780e13f42a448fdb5b60c1e1) Importer(815301076,1909f56bfc062723c751e8b465ee728b)  -> (artifact id: '477dcba9aef932c2dbee7f4e6e25bd72') in 0.145986 seconds
  Import took 0.158896 seconds .

========================================================================
Received Import Request.
  Time since last request: 0.000377 seconds.
  path: Assets/Standard Assets/Prototyping/Prefabs/JoinMidPrototype04x06x01.prefab
  artifactKey: Guid(04a24b5e91096bd4e8ae6fba35c4dbf8) Importer(815301076,1909f56bfc062723c751e8b465ee728b)
Start importing Assets/Standard Assets/Prototyping/Prefabs/JoinMidPrototype04x06x01.prefab using Guid(04a24b5e91096bd4e8ae6fba35c4dbf8) Importer(815301076,1909f56bfc062723c751e8b465ee728b)  -> (artifact id: '31e840c73f9ffea7ba29fb930b3a8df7') in 0.014557 seconds
  Import took 0.019945 seconds .

========================================================================
Received Import Request.
  Time since last request: 0.000265 seconds.
  path: Assets/Standard Assets/Prototyping/Prefabs/PillarPrototype01x02x01.prefab
  artifactKey: Guid(88b5bfec6f1bd17439b2f4339902dca6) Importer(815301076,1909f56bfc062723c751e8b465ee728b)
Start importing Assets/Standard Assets/Prototyping/Prefabs/PillarPrototype01x02x01.prefab using Guid(88b5bfec6f1bd17439b2f4339902dca6) Importer(815301076,1909f56bfc062723c751e8b465ee728b)  -> (artifact id: '54a51d550a6c855aeb5e85420fe31731') in 0.013106 seconds
  Import took 0.017364 seconds .

========================================================================
Received Import Request.
  Time since last request: 0.000474 seconds.
  path: Assets/Standard Assets/Prototyping/Prefabs/JoinOuterPrototype02x06x02.prefab
  artifactKey: Guid(b321aed21e0872743a175d8dbbe12ac8) Importer(815301076,1909f56bfc062723c751e8b465ee728b)
Start importing Assets/Standard Assets/Prototyping/Prefabs/JoinOuterPrototype02x06x02.prefab using Guid(b321aed21e0872743a175d8dbbe12ac8) Importer(815301076,1909f56bfc062723c751e8b465ee728b)  -> (artifact id: 'f9184602668e4fe3346620884d80570e') in 0.014447 seconds
  Import took 0.019053 seconds .

========================================================================
Received Import Request.
  Time since last request: 0.000418 seconds.
  path: Assets/Standard Assets/CrossPlatformInput/Prefabs/MobileSingleStickControl.prefab
  artifactKey: Guid(9529ecc3d479da5499993355e6c2cb4f) Importer(815301076,1909f56bfc062723c751e8b465ee728b)
Start importing Assets/Standard Assets/CrossPlatformInput/Prefabs/MobileSingleStickControl.prefab using Guid(9529ecc3d479da5499993355e6c2cb4f) Importer(815301076,1909f56bfc062723c751e8b465ee728b)  -> (artifact id: 'a5d925fb337077f1200249d7811881ea') in 0.011535 seconds
  Import took 0.016344 seconds .

========================================================================
Received Import Request.
  Time since last request: 0.000553 seconds.
  path: Assets/Standard Assets/Characters/ThirdPersonCharacter/Prefabs/AIThirdPersonController.prefab
  artifactKey: Guid(54eb5844754051b40a918a84c33b7c1a) Importer(815301076,1909f56bfc062723c751e8b465ee728b)
Start importing Assets/Standard Assets/Characters/ThirdPersonCharacter/Prefabs/AIThirdPersonController.prefab using Guid(54eb5844754051b40a918a84c33b7c1a) Importer(815301076,1909f56bfc062723c751e8b465ee728b)  -> (artifact id: 'ad42b7f12d5829a1e8326bbb59eaa5bb') in 0.209723 seconds
  Import took 0.218675 seconds .

========================================================================
Received Import Request.
  Time since last request: 25.763228 seconds.
  path: Assets/sprites/fireball.png
  artifactKey: Guid(49b668413d9ff1b4ca12f28c663a6d7c) Importer(815301076,1909f56bfc062723c751e8b465ee728b)
Start importing Assets/sprites/fireball.png using Guid(49b668413d9ff1b4ca12f28c663a6d7c) Importer(815301076,1909f56bfc062723c751e8b465ee728b)  -> (artifact id: '9263231eea001794bcc500294978aaae') in 0.028728 seconds
  Import took 0.035768 seconds .

========================================================================
Received Prepare
Refreshing native plugins compatible for Editor in 2.86 ms, found 1 plugins.
Preloading 0 native plugins for Editor in 0.00 ms.
Unloading 8 Unused Serialized files (Serialized files now loaded: 0)
System memory in use before: 78.0 MB.
System memory in use after: 77.8 MB.

Unloading 9 unused Assets to reduce memory usage. Loaded Objects now: 2248.
Total: 5.935400 ms (FindLiveObjects: 0.469200 ms CreateObjectMapping: 0.184400 ms MarkObjects: 4.825500 ms  DeleteObjects: 0.454300 ms)

========================================================================
Received Import Request.
  Time since last request: 7.947782 seconds.
  path: Assets/sprites/fireball.png
  artifactKey: Guid(49b668413d9ff1b4ca12f28c663a6d7c) Importer(815301076,1909f56bfc062723c751e8b465ee728b)
Start importing Assets/sprites/fireball.png using Guid(49b668413d9ff1b4ca12f28c663a6d7c) Importer(815301076,1909f56bfc062723c751e8b465ee728b)  -> (artifact id: 'd68a8a03664d00c96706054749ac46d8') in 0.047413 seconds
  Import took 0.051114 seconds .

========================================================================
Received Import Request.
  Time since last request: 737.873323 seconds.
  path: Assets/Scripts/projectiles.cs
  artifactKey: Guid(628e82061468a2c4d9bc56cae877efef) Importer(815301076,1909f56bfc062723c751e8b465ee728b)
Start importing Assets/Scripts/projectiles.cs using Guid(628e82061468a2c4d9bc56cae877efef) Importer(815301076,1909f56bfc062723c751e8b465ee728b)  -> (artifact id: '29324e344eaad807fd9fb1206723ed15') in 0.005789 seconds
  Import took 0.012314 seconds .

========================================================================
Received Import Request.
  Time since last request: 1.211272 seconds.
  path: Assets/Scripts/weapon.cs
  artifactKey: Guid(d4bbed5494167754f819520be9bc839d) Importer(815301076,1909f56bfc062723c751e8b465ee728b)
Start importing Assets/Scripts/weapon.cs using Guid(d4bbed5494167754f819520be9bc839d) Importer(815301076,1909f56bfc062723c751e8b465ee728b)  -> (artifact id: '4139f69b3c40119ca1ddacd5a313850b') in 0.002185 seconds
  Import took 0.011976 seconds .

========================================================================
Received Import Request.
  Time since last request: 0.002744 seconds.
  path: Assets/Scripts/weapon.cs
  artifactKey: Guid(d4bbed5494167754f819520be9bc839d) Importer(815301076,1909f56bfc062723c751e8b465ee728b)
Start importing Assets/Scripts/weapon.cs using Guid(d4bbed5494167754f819520be9bc839d) Importer(815301076,1909f56bfc062723c751e8b465ee728b)  -> (artifact id: '4139f69b3c40119ca1ddacd5a313850b') in 0.001822 seconds
  Import took 0.008155 seconds .

========================================================================
Received Prepare
Registering precompiled user dll's ...
Registered in 0.001691 seconds.
Begin MonoManager ReloadAssembly
Native extension for WindowsStandalone target not found
Refreshing native plugins compatible for Editor in 1.39 ms, found 1 plugins.
Preloading 0 native plugins for Editor in 0.00 ms.
Invoked RoslynAnalysisRunner static constructor.
RoslynAnalysisRunner will not be running.
RoslynAnalysisRunner has terminated.
Mono: successfully reloaded assembly
- Completed reload, in  1.908 seconds
Platform modules already initialized, skipping
Refreshing native plugins compatible for Editor in 0.76 ms, found 1 plugins.
Preloading 0 native plugins for Editor in 0.00 ms.
Unloading 1757 Unused Serialized files (Serialized files now loaded: 0)
System memory in use before: 107.7 MB.
System memory in use after: 107.5 MB.

Unloading 10 unused Assets to reduce memory usage. Loaded Objects now: 2254.
Total: 4.818900 ms (FindLiveObjects: 0.976300 ms CreateObjectMapping: 0.197700 ms MarkObjects: 2.989000 ms  DeleteObjects: 0.644200 ms)

========================================================================
Received Import Request.
  Time since last request: 1494.447900 seconds.
  path: Assets/attack.cs
  artifactKey: Guid(c2093b6efdc3e354d8cfacb8860e54ca) Importer(815301076,1909f56bfc062723c751e8b465ee728b)
Start importing Assets/attack.cs using Guid(c2093b6efdc3e354d8cfacb8860e54ca) Importer(815301076,1909f56bfc062723c751e8b465ee728b)  -> (artifact id: 'e94f9fb8b431cf15e5dd88218cb3d0de') in 0.007997 seconds
  Import took 0.012113 seconds .

========================================================================
Received Prepare
Registering precompiled user dll's ...
Registered in 0.001176 seconds.
Begin MonoManager ReloadAssembly
Native extension for WindowsStandalone target not found
Refreshing native plugins compatible for Editor in 0.50 ms, found 1 plugins.
Preloading 0 native plugins for Editor in 0.00 ms.
Invoked RoslynAnalysisRunner static constructor.
RoslynAnalysisRunner will not be running.
RoslynAnalysisRunner has terminated.
Mono: successfully reloaded assembly
- Completed reload, in  1.554 seconds
Platform modules already initialized, skipping
Refreshing native plugins compatible for Editor in 0.49 ms, found 1 plugins.
Preloading 0 native plugins for Editor in 0.00 ms.
Unloading 1757 Unused Serialized files (Serialized files now loaded: 0)
System memory in use before: 107.9 MB.
System memory in use after: 107.5 MB.

Unloading 10 unused Assets to reduce memory usage. Loaded Objects now: 2257.
Total: 5.784500 ms (FindLiveObjects: 0.354900 ms CreateObjectMapping: 0.182100 ms MarkObjects: 3.755800 ms  DeleteObjects: 0.797900 ms)

========================================================================
Received Prepare
Registering precompiled user dll's ...
Registered in 0.001152 seconds.
Begin MonoManager ReloadAssembly
Native extension for WindowsStandalone target not found
Refreshing native plugins compatible for Editor in 0.46 ms, found 1 plugins.
Preloading 0 native plugins for Editor in 0.00 ms.
Invoked RoslynAnalysisRunner static constructor.
RoslynAnalysisRunner will not be running.
RoslynAnalysisRunner has terminated.
Mono: successfully reloaded assembly
- Completed reload, in  1.538 seconds
Platform modules already initialized, skipping
Refreshing native plugins compatible for Editor in 0.80 ms, found 1 plugins.
Preloading 0 native plugins for Editor in 0.00 ms.
Unloading 1757 Unused Serialized files (Serialized files now loaded: 0)
System memory in use before: 107.8 MB.
System memory in use after: 107.5 MB.

Unloading 10 unused Assets to reduce memory usage. Loaded Objects now: 2260.
Total: 4.387500 ms (FindLiveObjects: 0.666800 ms CreateObjectMapping: 0.280400 ms MarkObjects: 2.909900 ms  DeleteObjects: 0.520000 ms)

========================================================================
Received Import Request.
  Time since last request: 1588.464419 seconds.
  path: Assets/Scripts/fireballs.cs
  artifactKey: Guid(463cebb6ede398e40b4fefa2bb8fc42a) Importer(815301076,1909f56bfc062723c751e8b465ee728b)
Start importing Assets/Scripts/fireballs.cs using Guid(463cebb6ede398e40b4fefa2bb8fc42a) Importer(815301076,1909f56bfc062723c751e8b465ee728b)  -> (artifact id: '5a48272fd4e5969193c6cb2890401fb7') in 0.013118 seconds
  Import took 0.023541 seconds .

========================================================================
Received Prepare
Registering precompiled user dll's ...
Registered in 0.001557 seconds.
Begin MonoManager ReloadAssembly
Native extension for WindowsStandalone target not found
Refreshing native plugins compatible for Editor in 0.48 ms, found 1 plugins.
Preloading 0 native plugins for Editor in 0.00 ms.
Invoked RoslynAnalysisRunner static constructor.
RoslynAnalysisRunner will not be running.
RoslynAnalysisRunner has terminated.
Mono: successfully reloaded assembly
- Completed reload, in  1.674 seconds
Platform modules already initialized, skipping
Refreshing native plugins compatible for Editor in 0.85 ms, found 1 plugins.
Preloading 0 native plugins for Editor in 0.00 ms.
Unloading 1758 Unused Serialized files (Serialized files now loaded: 0)
System memory in use before: 107.8 MB.
System memory in use after: 107.6 MB.

Unloading 10 unused Assets to reduce memory usage. Loaded Objects now: 2264.
Total: 4.259700 ms (FindLiveObjects: 0.338800 ms CreateObjectMapping: 0.136300 ms MarkObjects: 3.292300 ms  DeleteObjects: 0.490800 ms)

========================================================================
Received Import Request.
  Time since last request: 258.094549 seconds.
  path: Assets/Standard Assets/2D/Scripts/PlatformerCharacter2D.cs
  artifactKey: Guid(d08f91df3bd212f429df17f53ce2f364) Importer(815301076,1909f56bfc062723c751e8b465ee728b)
Start importing Assets/Standard Assets/2D/Scripts/PlatformerCharacter2D.cs using Guid(d08f91df3bd212f429df17f53ce2f364) Importer(815301076,1909f56bfc062723c751e8b465ee728b)  -> (artifact id: '771efbfcfbde4f6c8a88f71a43b8e72c') in 0.021335 seconds
  Import took 0.034400 seconds .

========================================================================
Received Import Request.
  Time since last request: 0.007175 seconds.
  path: Assets/Standard Assets/2D/Scripts/PlatformerCharacter2D.cs
  artifactKey: Guid(d08f91df3bd212f429df17f53ce2f364) Importer(815301076,1909f56bfc062723c751e8b465ee728b)
Start importing Assets/Standard Assets/2D/Scripts/PlatformerCharacter2D.cs using Guid(d08f91df3bd212f429df17f53ce2f364) Importer(815301076,1909f56bfc062723c751e8b465ee728b)  -> (artifact id: '771efbfcfbde4f6c8a88f71a43b8e72c') in 0.007693 seconds
  Import took 0.014935 seconds .

========================================================================
Received Import Request.
  Time since last request: 6.348738 seconds.
  path: Assets/Standard Assets/2D/Scripts/player.cs
  artifactKey: Guid(d08f91df3bd212f429df17f53ce2f364) Importer(815301076,1909f56bfc062723c751e8b465ee728b)
Start importing Assets/Standard Assets/2D/Scripts/player.cs using Guid(d08f91df3bd212f429df17f53ce2f364) Importer(815301076,1909f56bfc062723c751e8b465ee728b)  -> (artifact id: '3cdc0cc40513be1f9f61d911582090fa') in 0.007064 seconds
  Import took 0.019779 seconds .

========================================================================
Received Import Request.
  Time since last request: 4.961920 seconds.
  path: Assets/Standard Assets/2D/Scripts/Restarter.cs
  artifactKey: Guid(e053b0a94752146e79954ce4df1b5565) Importer(815301076,1909f56bfc062723c751e8b465ee728b)
Start importing Assets/Standard Assets/2D/Scripts/Restarter.cs using Guid(e053b0a94752146e79954ce4df1b5565) Importer(815301076,1909f56bfc062723c751e8b465ee728b)  -> (artifact id: '68b637d1997d210f0b4c8728f27e1c6b') in 0.009201 seconds
  Import took 0.015236 seconds .

========================================================================
Received Import Request.
  Time since last request: 0.014425 seconds.
  path: Assets/Standard Assets/2D/Scripts/Restarter.cs
  artifactKey: Guid(e053b0a94752146e79954ce4df1b5565) Importer(815301076,1909f56bfc062723c751e8b465ee728b)
Start importing Assets/Standard Assets/2D/Scripts/Restarter.cs using Guid(e053b0a94752146e79954ce4df1b5565) Importer(815301076,1909f56bfc062723c751e8b465ee728b)  -> (artifact id: '68b637d1997d210f0b4c8728f27e1c6b') in 0.007643 seconds
  Import took 0.016150 seconds .

========================================================================
Received Import Request.
  Time since last request: 143.733527 seconds.
  path: Assets/Standard Assets/2D/Scripts/PlatformerCharacter2D.cs
  artifactKey: Guid(d08f91df3bd212f429df17f53ce2f364) Importer(815301076,1909f56bfc062723c751e8b465ee728b)
Start importing Assets/Standard Assets/2D/Scripts/PlatformerCharacter2D.cs using Guid(d08f91df3bd212f429df17f53ce2f364) Importer(815301076,1909f56bfc062723c751e8b465ee728b)  -> (artifact id: '4ef6e64782ef8eb154c56d20a99f796a') in 0.013847 seconds
  Import took 0.028706 seconds .

========================================================================
Received Import Request.
  Time since last request: 0.008751 seconds.
  path: Assets/Standard Assets/2D/Scripts/PlatformerCharacter2D.cs
  artifactKey: Guid(d08f91df3bd212f429df17f53ce2f364) Importer(815301076,1909f56bfc062723c751e8b465ee728b)
Start importing Assets/Standard Assets/2D/Scripts/PlatformerCharacter2D.cs using Guid(d08f91df3bd212f429df17f53ce2f364) Importer(815301076,1909f56bfc062723c751e8b465ee728b)  -> (artifact id: '4ef6e64782ef8eb154c56d20a99f796a') in 0.007176 seconds
  Import took 0.018040 seconds .

========================================================================
Received Import Request.
  Time since last request: 103.545907 seconds.
  path: Assets/Standard Assets/2D/Scripts/player.cs
  artifactKey: Guid(91ded3b6106ffad42aad999c4a1c10cf) Importer(815301076,1909f56bfc062723c751e8b465ee728b)
Start importing Assets/Standard Assets/2D/Scripts/player.cs using Guid(91ded3b6106ffad42aad999c4a1c10cf) Importer(815301076,1909f56bfc062723c751e8b465ee728b)  -> (artifact id: '4bf0b8e7d3b1a10b3bacc0bf4a34fdd1') in 0.013846 seconds
  Import took 0.030187 seconds .

========================================================================
Received Import Request.
  Time since last request: 0.005602 seconds.
  path: Assets/Standard Assets/2D/Scripts/player.cs
  artifactKey: Guid(91ded3b6106ffad42aad999c4a1c10cf) Importer(815301076,1909f56bfc062723c751e8b465ee728b)
Start importing Assets/Standard Assets/2D/Scripts/player.cs using Guid(91ded3b6106ffad42aad999c4a1c10cf) Importer(815301076,1909f56bfc062723c751e8b465ee728b)  -> (artifact id: '4bf0b8e7d3b1a10b3bacc0bf4a34fdd1') in 0.017196 seconds
  Import took 0.032309 seconds .

========================================================================
Received Prepare
Registering precompiled user dll's ...
Registered in 0.001220 seconds.
Begin MonoManager ReloadAssembly
Native extension for WindowsStandalone target not found
Refreshing native plugins compatible for Editor in 0.53 ms, found 1 plugins.
Preloading 0 native plugins for Editor in 0.00 ms.
Invoked RoslynAnalysisRunner static constructor.
RoslynAnalysisRunner will not be running.
RoslynAnalysisRunner has terminated.
Mono: successfully reloaded assembly
- Completed reload, in  1.500 seconds
Platform modules already initialized, skipping
Refreshing native plugins compatible for Editor in 0.60 ms, found 1 plugins.
Preloading 0 native plugins for Editor in 0.00 ms.
Unloading 1758 Unused Serialized files (Serialized files now loaded: 0)
System memory in use before: 107.8 MB.
System memory in use after: 107.6 MB.

Unloading 10 unused Assets to reduce memory usage. Loaded Objects now: 2267.
Total: 4.159700 ms (FindLiveObjects: 0.338500 ms CreateObjectMapping: 0.139200 ms MarkObjects: 3.025100 ms  DeleteObjects: 0.655200 ms)

========================================================================
Received Prepare
Registering precompiled user dll's ...
Registered in 0.001627 seconds.
Begin MonoManager ReloadAssembly
Native extension for WindowsStandalone target not found
Refreshing native plugins compatible for Editor in 0.46 ms, found 1 plugins.
Preloading 0 native plugins for Editor in 0.00 ms.
Invoked RoslynAnalysisRunner static constructor.
RoslynAnalysisRunner will not be running.
RoslynAnalysisRunner has terminated.
Mono: successfully reloaded assembly
- Completed reload, in  1.233 seconds
Platform modules already initialized, skipping
Refreshing native plugins compatible for Editor in 0.57 ms, found 1 plugins.
Preloading 0 native plugins for Editor in 0.00 ms.
Unloading 1758 Unused Serialized files (Serialized files now loaded: 0)
System memory in use before: 107.9 MB.
System memory in use after: 107.6 MB.

Unloading 10 unused Assets to reduce memory usage. Loaded Objects now: 2270.
Total: 3.910600 ms (FindLiveObjects: 0.440600 ms CreateObjectMapping: 0.231100 ms MarkObjects: 2.573900 ms  DeleteObjects: 0.661600 ms)

========================================================================
Received Import Request.
  Time since last request: 385.364683 seconds.
  path: Assets/Enemy1.controller
  artifactKey: Guid(edb42f1e9f90e75429ebfc6df86b6e53) Importer(815301076,1909f56bfc062723c751e8b465ee728b)
Start importing Assets/Enemy1.controller using Guid(edb42f1e9f90e75429ebfc6df86b6e53) Importer(815301076,1909f56bfc062723c751e8b465ee728b)  -> (artifact id: '8b56fc179a0d761c4c7ef437797def0d') in 0.022197 seconds
  Import took 0.027803 seconds .

========================================================================
Received Import Request.
  Time since last request: 0.000475 seconds.
  path: Assets/enemy1.cs
  artifactKey: Guid(c7ed5b7e26db65149a2bd246be614c96) Importer(815301076,1909f56bfc062723c751e8b465ee728b)
Start importing Assets/enemy1.cs using Guid(c7ed5b7e26db65149a2bd246be614c96) Importer(815301076,1909f56bfc062723c751e8b465ee728b)  -> (artifact id: 'b56c13f4030acecb96c124f6c3b0c2d8') in 0.005986 seconds
  Import took 0.011307 seconds .

========================================================================
Received Import Request.
  Time since last request: 140.104301 seconds.
  path: Assets/Prefabs/fireball.prefab
  artifactKey: Guid(26682f0a8da4c5f4f98a3a956aaaa27f) Importer(815301076,1909f56bfc062723c751e8b465ee728b)
Start importing Assets/Prefabs/fireball.prefab using Guid(26682f0a8da4c5f4f98a3a956aaaa27f) Importer(815301076,1909f56bfc062723c751e8b465ee728b)  -> (artifact id: '5da243339f3027b33217e4cfa8a0c574') in 0.091924 seconds
  Import took 0.097694 seconds .

========================================================================
Received Prepare
Registering precompiled user dll's ...
Registered in 0.001900 seconds.
Begin MonoManager ReloadAssembly
Native extension for WindowsStandalone target not found
Refreshing native plugins compatible for Editor in 0.47 ms, found 1 plugins.
Preloading 0 native plugins for Editor in 0.00 ms.
Invoked RoslynAnalysisRunner static constructor.
RoslynAnalysisRunner will not be running.
RoslynAnalysisRunner has terminated.
Mono: successfully reloaded assembly
- Completed reload, in  1.595 seconds
Platform modules already initialized, skipping
Refreshing native plugins compatible for Editor in 0.84 ms, found 1 plugins.
Preloading 0 native plugins for Editor in 0.00 ms.
Unloading 1758 Unused Serialized files (Serialized files now loaded: 0)
System memory in use before: 107.9 MB.
System memory in use after: 107.6 MB.

Unloading 10 unused Assets to reduce memory usage. Loaded Objects now: 2274.
Total: 3.917800 ms (FindLiveObjects: 0.328300 ms CreateObjectMapping: 0.106400 ms MarkObjects: 2.969400 ms  DeleteObjects: 0.512000 ms)

========================================================================
Received Prepare
Registering precompiled user dll's ...
Registered in 0.002778 seconds.
Begin MonoManager ReloadAssembly
Native extension for WindowsStandalone target not found
Refreshing native plugins compatible for Editor in 0.52 ms, found 1 plugins.
Preloading 0 native plugins for Editor in 0.00 ms.
Invoked RoslynAnalysisRunner static constructor.
RoslynAnalysisRunner will not be running.
RoslynAnalysisRunner has terminated.
Mono: successfully reloaded assembly
- Completed reload, in  1.584 seconds
Platform modules already initialized, skipping
Refreshing native plugins compatible for Editor in 0.79 ms, found 1 plugins.
Preloading 0 native plugins for Editor in 0.00 ms.
Unloading 1758 Unused Serialized files (Serialized files now loaded: 0)
System memory in use before: 108.0 MB.
System memory in use after: 107.6 MB.

Unloading 10 unused Assets to reduce memory usage. Loaded Objects now: 2277.
Total: 5.228400 ms (FindLiveObjects: 1.284600 ms CreateObjectMapping: 0.420800 ms MarkObjects: 2.828400 ms  DeleteObjects: 0.683600 ms)

========================================================================
Received Import Request.
  Time since last request: 173.935192 seconds.
  path: Assets/Prefabs/fireball.prefab
  artifactKey: Guid(26682f0a8da4c5f4f98a3a956aaaa27f) Importer(815301076,1909f56bfc062723c751e8b465ee728b)
Start importing Assets/Prefabs/fireball.prefab using Guid(26682f0a8da4c5f4f98a3a956aaaa27f) Importer(815301076,1909f56bfc062723c751e8b465ee728b)  -> (artifact id: '1355669854f13398bfb10469ffe6d37e') in 0.116104 seconds
  Import took 0.121424 seconds .

========================================================================
Received Import Request.
  Time since last request: 0.005366 seconds.
  path: Assets/Prefabs/fireball.prefab
  artifactKey: Guid(26682f0a8da4c5f4f98a3a956aaaa27f) Importer(815301076,1909f56bfc062723c751e8b465ee728b)
Start importing Assets/Prefabs/fireball.prefab using Guid(26682f0a8da4c5f4f98a3a956aaaa27f) Importer(815301076,1909f56bfc062723c751e8b465ee728b)  -> (artifact id: '1355669854f13398bfb10469ffe6d37e') in 0.027382 seconds
  Import took 0.033340 seconds .

========================================================================
Received Import Request.
  Time since last request: 10.669354 seconds.
  path: Assets/Prefabs/fireball.prefab
  artifactKey: Guid(26682f0a8da4c5f4f98a3a956aaaa27f) Importer(815301076,1909f56bfc062723c751e8b465ee728b)
Start importing Assets/Prefabs/fireball.prefab using Guid(26682f0a8da4c5f4f98a3a956aaaa27f) Importer(815301076,1909f56bfc062723c751e8b465ee728b)  -> (artifact id: 'd0b7f2020af04f5588878b09d0f572c2') in 0.023272 seconds
  Import took 0.031126 seconds .

========================================================================
Received Prepare
Registering precompiled user dll's ...
Registered in 0.001659 seconds.
Begin MonoManager ReloadAssembly
Native extension for WindowsStandalone target not found
Refreshing native plugins compatible for Editor in 0.71 ms, found 1 plugins.
Preloading 0 native plugins for Editor in 0.00 ms.
Invoked RoslynAnalysisRunner static constructor.
RoslynAnalysisRunner will not be running.
RoslynAnalysisRunner has terminated.
Mono: successfully reloaded assembly
- Completed reload, in  1.517 seconds
Platform modules already initialized, skipping
Refreshing native plugins compatible for Editor in 0.56 ms, found 1 plugins.
Preloading 0 native plugins for Editor in 0.00 ms.
Unloading 1758 Unused Serialized files (Serialized files now loaded: 0)
System memory in use before: 107.9 MB.
System memory in use after: 107.6 MB.

Unloading 10 unused Assets to reduce memory usage. Loaded Objects now: 2281.
Total: 4.106000 ms (FindLiveObjects: 0.230600 ms CreateObjectMapping: 0.090000 ms MarkObjects: 3.139200 ms  DeleteObjects: 0.644800 ms)

========================================================================
Received Import Request.
  Time since last request: 131.995181 seconds.
  path: Assets/attack.cs
  artifactKey: Guid(c2093b6efdc3e354d8cfacb8860e54ca) Importer(815301076,1909f56bfc062723c751e8b465ee728b)
Start importing Assets/attack.cs using Guid(c2093b6efdc3e354d8cfacb8860e54ca) Importer(815301076,1909f56bfc062723c751e8b465ee728b)  -> (artifact id: 'de19b1c11b0f7fe5a98ffdfb93b3ec5a') in 0.027809 seconds
  Import took 0.036320 seconds .

========================================================================
Received Import Request.
  Time since last request: 16.852899 seconds.
  path: Assets/attack.cs
  artifactKey: Guid(c2093b6efdc3e354d8cfacb8860e54ca) Importer(815301076,1909f56bfc062723c751e8b465ee728b)
Start importing Assets/attack.cs using Guid(c2093b6efdc3e354d8cfacb8860e54ca) Importer(815301076,1909f56bfc062723c751e8b465ee728b)  -> (artifact id: '77a33a3c7f98064b89ea3eb1c827ab59') in 0.018059 seconds
  Import took 0.025098 seconds .

========================================================================
Received Import Request.
  Time since last request: 0.094525 seconds.
  path: Assets/attack.cs
  artifactKey: Guid(c2093b6efdc3e354d8cfacb8860e54ca) Importer(815301076,1909f56bfc062723c751e8b465ee728b)
Start importing Assets/attack.cs using Guid(c2093b6efdc3e354d8cfacb8860e54ca) Importer(815301076,1909f56bfc062723c751e8b465ee728b)  -> (artifact id: '77a33a3c7f98064b89ea3eb1c827ab59') in 0.005607 seconds
  Import took 0.010421 seconds .

========================================================================
Received Prepare
Registering precompiled user dll's ...
Registered in 0.001098 seconds.
Begin MonoManager ReloadAssembly
Native extension for WindowsStandalone target not found
Refreshing native plugins compatible for Editor in 0.85 ms, found 1 plugins.
Preloading 0 native plugins for Editor in 0.00 ms.
Invoked RoslynAnalysisRunner static constructor.
RoslynAnalysisRunner will not be running.
RoslynAnalysisRunner has terminated.
Mono: successfully reloaded assembly
- Completed reload, in  1.561 seconds
Platform modules already initialized, skipping
Refreshing native plugins compatible for Editor in 0.50 ms, found 1 plugins.
Preloading 0 native plugins for Editor in 0.00 ms.
Unloading 1758 Unused Serialized files (Serialized files now loaded: 0)
System memory in use before: 108.0 MB.
System memory in use after: 107.8 MB.

Unloading 10 unused Assets to reduce memory usage. Loaded Objects now: 2284.
Total: 5.363700 ms (FindLiveObjects: 0.400700 ms CreateObjectMapping: 0.147700 ms MarkObjects: 4.272600 ms  DeleteObjects: 0.540700 ms)

========================================================================
Received Import Request.
  Time since last request: 497.265771 seconds.
  path: Assets/enemyshotpoint.prefab
  artifactKey: Guid(1602a36014282344d99241dc67f42230) Importer(815301076,1909f56bfc062723c751e8b465ee728b)
Start importing Assets/enemyshotpoint.prefab using Guid(1602a36014282344d99241dc67f42230) Importer(815301076,1909f56bfc062723c751e8b465ee728b)  -> (artifact id: 'd34dc1f6b2d3300fb4608d8a739e4caf') in 0.046726 seconds
  Import took 0.051785 seconds .

========================================================================
Received Import Request.
  Time since last request: 0.016831 seconds.
  path: Assets/enemyshotpoint.prefab
  artifactKey: Guid(1602a36014282344d99241dc67f42230) Importer(815301076,1909f56bfc062723c751e8b465ee728b)
Start importing Assets/enemyshotpoint.prefab using Guid(1602a36014282344d99241dc67f42230) Importer(815301076,1909f56bfc062723c751e8b465ee728b)  -> (artifact id: 'd34dc1f6b2d3300fb4608d8a739e4caf') in 0.008643 seconds
  Import took 0.014949 seconds .

========================================================================
Received Import Request.
  Time since last request: 16.246001 seconds.
  path: Assets/attack.cs
  artifactKey: Guid(c2093b6efdc3e354d8cfacb8860e54ca) Importer(815301076,1909f56bfc062723c751e8b465ee728b)
Start importing Assets/attack.cs using Guid(c2093b6efdc3e354d8cfacb8860e54ca) Importer(815301076,1909f56bfc062723c751e8b465ee728b)  -> (artifact id: '258c049d8be91eec0318ace354f965e8') in 0.008883 seconds
  Import took 0.017576 seconds .

========================================================================
Received Import Request.
  Time since last request: 0.001741 seconds.
  path: Assets/attack.cs
  artifactKey: Guid(c2093b6efdc3e354d8cfacb8860e54ca) Importer(815301076,1909f56bfc062723c751e8b465ee728b)
Start importing Assets/attack.cs using Guid(c2093b6efdc3e354d8cfacb8860e54ca) Importer(815301076,1909f56bfc062723c751e8b465ee728b)  -> (artifact id: '258c049d8be91eec0318ace354f965e8') in 0.008329 seconds
  Import took 0.015051 seconds .

========================================================================
Received Prepare
Registering precompiled user dll's ...
Registered in 0.001074 seconds.
Begin MonoManager ReloadAssembly
Native extension for WindowsStandalone target not found
Refreshing native plugins compatible for Editor in 0.81 ms, found 1 plugins.
Preloading 0 native plugins for Editor in 0.00 ms.
Invoked RoslynAnalysisRunner static constructor.
RoslynAnalysisRunner will not be running.
RoslynAnalysisRunner has terminated.
Mono: successfully reloaded assembly
- Completed reload, in  1.562 seconds
Platform modules already initialized, skipping
Refreshing native plugins compatible for Editor in 0.75 ms, found 1 plugins.
Preloading 0 native plugins for Editor in 0.00 ms.
Unloading 1758 Unused Serialized files (Serialized files now loaded: 0)
System memory in use before: 108.0 MB.
System memory in use after: 107.8 MB.

Unloading 10 unused Assets to reduce memory usage. Loaded Objects now: 2287.
Total: 3.640500 ms (FindLiveObjects: 0.357100 ms CreateObjectMapping: 0.131500 ms MarkObjects: 2.549200 ms  DeleteObjects: 0.600900 ms)

========================================================================
Received Import Request.
  Time since last request: 6.017988 seconds.
  path: Assets/enemy1.cs
  artifactKey: Guid(c7ed5b7e26db65149a2bd246be614c96) Importer(815301076,1909f56bfc062723c751e8b465ee728b)
Start importing Assets/enemy1.cs using Guid(c7ed5b7e26db65149a2bd246be614c96) Importer(815301076,1909f56bfc062723c751e8b465ee728b)  -> (artifact id: 'd71aa34fa35cbb8bed5b8dceb1423a0c') in 0.005408 seconds
  Import took 0.010547 seconds .

========================================================================
Received Prepare
Registering precompiled user dll's ...
Registered in 0.002131 seconds.
Begin MonoManager ReloadAssembly
Native extension for WindowsStandalone target not found
Refreshing native plugins compatible for Editor in 0.46 ms, found 1 plugins.
Preloading 0 native plugins for Editor in 0.00 ms.
Invoked RoslynAnalysisRunner static constructor.
RoslynAnalysisRunner will not be running.
RoslynAnalysisRunner has terminated.
Mono: successfully reloaded assembly
- Completed reload, in  1.175 seconds
Platform modules already initialized, skipping
Refreshing native plugins compatible for Editor in 0.63 ms, found 1 plugins.
Preloading 0 native plugins for Editor in 0.00 ms.
Unloading 1758 Unused Serialized files (Serialized files now loaded: 0)
System memory in use before: 108.0 MB.
System memory in use after: 107.8 MB.

Unloading 10 unused Assets to reduce memory usage. Loaded Objects now: 2290.
Total: 3.249600 ms (FindLiveObjects: 0.294000 ms CreateObjectMapping: 0.141500 ms MarkObjects: 2.336300 ms  DeleteObjects: 0.475500 ms)

========================================================================
Received Import Request.
  Time since last request: 161.368223 seconds.
  path: Assets/New Render Texture.renderTexture
  artifactKey: Guid(09bc1ad30eb3b5d48a359ba70a69c3a8) Importer(815301076,1909f56bfc062723c751e8b465ee728b)
Start importing Assets/New Render Texture.renderTexture using Guid(09bc1ad30eb3b5d48a359ba70a69c3a8) Importer(815301076,1909f56bfc062723c751e8b465ee728b)  -> (artifact id: 'c94b81c9d0f412d75d6ad0ce8ad9b5be') in 0.075483 seconds
  Import took 0.082392 seconds .

========================================================================
Received Import Request.
  Time since last request: 648.559396 seconds.
  path: Assets/Prefabs/New Material.mat
  artifactKey: Guid(0faa19bf39214794eaa68cd20dee9223) Importer(815301076,1909f56bfc062723c751e8b465ee728b)
Start importing Assets/Prefabs/New Material.mat using Guid(0faa19bf39214794eaa68cd20dee9223) Importer(815301076,1909f56bfc062723c751e8b465ee728b)  -> (artifact id: 'd5d10c40cfe44a0dd476d35ebe9dc425') in 0.085025 seconds
  Import took 0.090465 seconds .

========================================================================
Received Import Request.
  Time since last request: 493.572206 seconds.
  path: Assets/attack.cs
  artifactKey: Guid(c2093b6efdc3e354d8cfacb8860e54ca) Importer(815301076,1909f56bfc062723c751e8b465ee728b)
Start importing Assets/attack.cs using Guid(c2093b6efdc3e354d8cfacb8860e54ca) Importer(815301076,1909f56bfc062723c751e8b465ee728b)  -> (artifact id: '665127c67300c4c6a00837b2e22dd4b5') in 0.009806 seconds
  Import took 0.017332 seconds .

========================================================================
Received Import Request.
  Time since last request: 659.065308 seconds.
  path: Assets/attack.cs
  artifactKey: Guid(c2093b6efdc3e354d8cfacb8860e54ca) Importer(815301076,1909f56bfc062723c751e8b465ee728b)
Start importing Assets/attack.cs using Guid(c2093b6efdc3e354d8cfacb8860e54ca) Importer(815301076,1909f56bfc062723c751e8b465ee728b)  -> (artifact id: '86390a13638a73f5c58f8befb43e2d1c') in 0.004168 seconds
  Import took 0.015316 seconds .

========================================================================
Received Prepare
Registering precompiled user dll's ...
Registered in 0.001836 seconds.
Begin MonoManager ReloadAssembly
Native extension for WindowsStandalone target not found
Refreshing native plugins compatible for Editor in 0.48 ms, found 1 plugins.
Preloading 0 native plugins for Editor in 0.00 ms.
Invoked RoslynAnalysisRunner static constructor.
RoslynAnalysisRunner will not be running.
RoslynAnalysisRunner has terminated.
Mono: successfully reloaded assembly
- Completed reload, in  1.435 seconds
Platform modules already initialized, skipping
Refreshing native plugins compatible for Editor in 0.55 ms, found 1 plugins.
Preloading 0 native plugins for Editor in 0.00 ms.
Unloading 1759 Unused Serialized files (Serialized files now loaded: 0)
System memory in use before: 108.3 MB.
System memory in use after: 108.1 MB.

Unloading 10 unused Assets to reduce memory usage. Loaded Objects now: 2330.
Total: 5.947600 ms (FindLiveObjects: 0.840300 ms CreateObjectMapping: 0.542100 ms MarkObjects: 3.942000 ms  DeleteObjects: 0.621200 ms)

========================================================================
Received Prepare
Registering precompiled user dll's ...
Registered in 0.001105 seconds.
Begin MonoManager ReloadAssembly
Native extension for WindowsStandalone target not found
Refreshing native plugins compatible for Editor in 0.76 ms, found 1 plugins.
Preloading 0 native plugins for Editor in 0.00 ms.
Invoked RoslynAnalysisRunner static constructor.
RoslynAnalysisRunner will not be running.
RoslynAnalysisRunner has terminated.
Mono: successfully reloaded assembly
- Completed reload, in  1.501 seconds
Platform modules already initialized, skipping
Refreshing native plugins compatible for Editor in 0.56 ms, found 1 plugins.
Preloading 0 native plugins for Editor in 0.00 ms.
Unloading 1759 Unused Serialized files (Serialized files now loaded: 0)
System memory in use before: 108.3 MB.
System memory in use after: 108.1 MB.

Unloading 10 unused Assets to reduce memory usage. Loaded Objects now: 2333.
Total: 3.508300 ms (FindLiveObjects: 0.371900 ms CreateObjectMapping: 0.140700 ms MarkObjects: 2.322100 ms  DeleteObjects: 0.671800 ms)

========================================================================
Received Prepare
Registering precompiled user dll's ...
Registered in 0.002744 seconds.
Begin MonoManager ReloadAssembly
Native extension for WindowsStandalone target not found
Refreshing native plugins compatible for Editor in 0.49 ms, found 1 plugins.
Preloading 0 native plugins for Editor in 0.00 ms.
Invoked RoslynAnalysisRunner static constructor.
RoslynAnalysisRunner will not be running.
RoslynAnalysisRunner has terminated.
Mono: successfully reloaded assembly
- Completed reload, in  1.531 seconds
Platform modules already initialized, skipping
Refreshing native plugins compatible for Editor in 0.65 ms, found 1 plugins.
Preloading 0 native plugins for Editor in 0.00 ms.
Unloading 1759 Unused Serialized files (Serialized files now loaded: 0)
System memory in use before: 108.3 MB.
System memory in use after: 108.1 MB.

Unloading 10 unused Assets to reduce memory usage. Loaded Objects now: 2336.
Total: 3.494000 ms (FindLiveObjects: 0.271200 ms CreateObjectMapping: 0.099400 ms MarkObjects: 2.607100 ms  DeleteObjects: 0.514500 ms)

========================================================================
Received Prepare
Registering precompiled user dll's ...
Registered in 0.001493 seconds.
Begin MonoManager ReloadAssembly
Native extension for WindowsStandalone target not found
Refreshing native plugins compatible for Editor in 0.47 ms, found 1 plugins.
Preloading 0 native plugins for Editor in 0.00 ms.
Invoked RoslynAnalysisRunner static constructor.
RoslynAnalysisRunner will not be running.
RoslynAnalysisRunner has terminated.
Mono: successfully reloaded assembly
- Completed reload, in  1.239 seconds
Platform modules already initialized, skipping
Refreshing native plugins compatible for Editor in 0.69 ms, found 1 plugins.
Preloading 0 native plugins for Editor in 0.00 ms.
Unloading 1759 Unused Serialized files (Serialized files now loaded: 0)
System memory in use before: 108.4 MB.
System memory in use after: 108.1 MB.

Unloading 10 unused Assets to reduce memory usage. Loaded Objects now: 2339.
Total: 3.991300 ms (FindLiveObjects: 0.347900 ms CreateObjectMapping: 0.121700 ms MarkObjects: 2.812900 ms  DeleteObjects: 0.706100 ms)

========================================================================
Received Import Request.
  Time since last request: 1140.950076 seconds.
  path: Assets/Prefabs/fireball.prefab
  artifactKey: Guid(26682f0a8da4c5f4f98a3a956aaaa27f) Importer(815301076,1909f56bfc062723c751e8b465ee728b)
Start importing Assets/Prefabs/fireball.prefab using Guid(26682f0a8da4c5f4f98a3a956aaaa27f) Importer(815301076,1909f56bfc062723c751e8b465ee728b)  -> (artifact id: 'c5c331c07a23deaab9c750a1907ba31f') in 0.100427 seconds
  Import took 0.107563 seconds .

========================================================================
Received Prepare
Registering precompiled user dll's ...
Registered in 0.001134 seconds.
Begin MonoManager ReloadAssembly
Native extension for WindowsStandalone target not found
Refreshing native plugins compatible for Editor in 0.47 ms, found 1 plugins.
Preloading 0 native plugins for Editor in 0.00 ms.
Invoked RoslynAnalysisRunner static constructor.
RoslynAnalysisRunner will not be running.
RoslynAnalysisRunner has terminated.
Mono: successfully reloaded assembly
- Completed reload, in  1.527 seconds
Platform modules already initialized, skipping
Refreshing native plugins compatible for Editor in 0.53 ms, found 1 plugins.
Preloading 0 native plugins for Editor in 0.00 ms.
Unloading 1759 Unused Serialized files (Serialized files now loaded: 0)
System memory in use before: 108.4 MB.
System memory in use after: 108.1 MB.

Unloading 10 unused Assets to reduce memory usage. Loaded Objects now: 2343.
Total: 5.733700 ms (FindLiveObjects: 0.328900 ms CreateObjectMapping: 0.110000 ms MarkObjects: 3.139100 ms  DeleteObjects: 2.154000 ms)

========================================================================
Received Prepare
Registering precompiled user dll's ...
Registered in 0.001182 seconds.
Begin MonoManager ReloadAssembly
Native extension for WindowsStandalone target not found
Refreshing native plugins compatible for Editor in 0.52 ms, found 1 plugins.
Preloading 0 native plugins for Editor in 0.00 ms.
Invoked RoslynAnalysisRunner static constructor.
RoslynAnalysisRunner will not be running.
RoslynAnalysisRunner has terminated.
Mono: successfully reloaded assembly
- Completed reload, in  1.404 seconds
Platform modules already initialized, skipping
Refreshing native plugins compatible for Editor in 0.55 ms, found 1 plugins.
Preloading 0 native plugins for Editor in 0.00 ms.
Unloading 1759 Unused Serialized files (Serialized files now loaded: 0)
System memory in use before: 108.4 MB.
System memory in use after: 108.1 MB.

Unloading 10 unused Assets to reduce memory usage. Loaded Objects now: 2346.
Total: 3.070500 ms (FindLiveObjects: 0.272900 ms CreateObjectMapping: 0.103100 ms MarkObjects: 2.094200 ms  DeleteObjects: 0.598600 ms)

========================================================================
Received Prepare
Registering precompiled user dll's ...
Registered in 0.001747 seconds.
Begin MonoManager ReloadAssembly
Native extension for WindowsStandalone target not found
Refreshing native plugins compatible for Editor in 0.52 ms, found 1 plugins.
Preloading 0 native plugins for Editor in 0.00 ms.
Invoked RoslynAnalysisRunner static constructor.
RoslynAnalysisRunner will not be running.
RoslynAnalysisRunner has terminated.
Mono: successfully reloaded assembly
- Completed reload, in  1.218 seconds
Platform modules already initialized, skipping
Refreshing native plugins compatible for Editor in 0.49 ms, found 1 plugins.
Preloading 0 native plugins for Editor in 0.00 ms.
Unloading 1759 Unused Serialized files (Serialized files now loaded: 0)
System memory in use before: 108.4 MB.
System memory in use after: 108.1 MB.

Unloading 10 unused Assets to reduce memory usage. Loaded Objects now: 2349.
Total: 4.018400 ms (FindLiveObjects: 0.381900 ms CreateObjectMapping: 0.176900 ms MarkObjects: 2.882900 ms  DeleteObjects: 0.574900 ms)

AssetImportWorkerClient::OnTransportError - code=2 error=End of file
